ffmpeg version 3.4.8-0ubuntu0.2 Copyright (c) 2000-2020 the FFmpeg developers
  built with gcc 7 (Ubuntu 7.5.0-3ubuntu1~18.04)
  configuration: --prefix=/usr --extra-version=0ubuntu0.2 --toolchain=hardened --libdir=/usr/lib/x86_64-linux-gnu --incdir=/usr/include/x86_64-linux-gnu --enable-gpl --disable-stripping --enable-avresample --enable-avisynth --enable-gnutls --enable-ladspa --enable-libass --enable-libbluray --enable-libbs2b --enable-libcaca --enable-libcdio --enable-libflite --enable-libfontconfig --enable-libfreetype --enable-libfribidi --enable-libgme --enable-libgsm --enable-libmp3lame --enable-libmysofa --enable-libopenjpeg --enable-libopenmpt --enable-libopus --enable-libpulse --enable-librubberband --enable-librsvg --enable-libshine --enable-libsnappy --enable-libsoxr --enable-libspeex --enable-libssh --enable-libtheora --enable-libtwolame --enable-libvorbis --enable-libvpx --enable-libwavpack --enable-libwebp --enable-libx265 --enable-libxml2 --enable-libxvid --enable-libzmq --enable-libzvbi --enable-omx --enable-openal --enable-opengl --enable-sdl2 --enable-libdc1394 --enable-libdrm --enable-libiec61883 --enable-chromaprint --enable-frei0r --enable-libopencv --enable-libx264 --enable-shared
  libavutil      55. 78.100 / 55. 78.100
  libavcodec     57.107.100 / 57.107.100
  libavformat    57. 83.100 / 57. 83.100
  libavdevice    57. 10.100 / 57. 10.100
  libavfilter     6.107.100 /  6.107.100
  libavresample   3.  7.  0 /  3.  7.  0
  libswscale      4.  8.100 /  4.  8.100
  libswresample   2.  9.100 /  2.  9.100
  libpostproc    54.  7.100 / 54.  7.100
*.wav: No such file or directory
Processing ******** '_*.wav'
cp: cannot stat '_*.wav': No such file or directory
4067:5067 TRUTH
8133:9133 SUBJECT EMPHATIC
12200:13200 TRUTH
16267:17267 SUBJECT MANIPULATING VOICE
36567:37567 TRUTH
44700:45700 TRUTH
48733:49733 LIE
57067:58067 INACCURACY
113400:114400 LIE
135300:136300 INACCURACY
140367:141367 LIE
143433:144433 INACCURACY
147500:148500 LIE
151567:152567 INACCURACY
159667:160667 LIE
168000:169000 INACCURACY
186433:187433 INACCURACY
203667:204667 INACCURACY
207700:208700 SUBJECT EMPHATIC
211767:212767 LIE
220100:221100 INACCURACY
224167:225167 SUBJECT EMPHATIC
232267:233267 LIE
236333:237333 INACCURACY
240400:241400 SUBJECT MANIPULATING VOICE
244467:245467 LIE
260700:261700 SUBJECT MANIPULATING VOICE
264767:265767 INACCURACY
281067:282067 SUBJECT ATTEMPTING OUTSMART
291000:292000 AVOIDANCE
303200:304200 SUBJECT EMPHATIC
307233:308233 LIE
319433:320433 SUBJECT MANIPULATING VOICE
352133:353133 SUBJECT EMPHATIC
372433:373433 SUBJECT ATTEMPTING OUTSMART
376500:377500 SUBJECT MANIPULATING VOICE
406667:407667 LIE
411367:412367 SUBJECT EMPHATIC
458633:459633 SUBJECT EMPHATIC
507567:508567 SUBJECT ATTEMPTING OUTSMART
515667:516667 SUBJECT MANIPULATING VOICE
564600:565600 SUBJECT EMPHATIC
581067:582067 SUBJECT ATTEMPTING OUTSMART
585100:586100 SUBJECT MANIPULATING VOICE
601367:602367 SUBJECT EMPHATIC
617600:618600 SUBJECT MANIPULATING VOICE
619067:620067 INACCURACY
619600:620600 SUBJECT MANIPULATING VOICE
644167:645167 SUBJECT EMPHATIC
648233:649233 LIE
652300:653300 INACCURACY
660400:661400 SUBJECT EMPHATIC
668533:669533 LIE
676467:677467 SUBJECT ATTEMPTING OUTSMART
740200:741200 SUBJECT MANIPULATING VOICE
756433:757433 SUBJECT EMPHATIC
793200:794200 INACCURACY
797267:798267 LIE
801300:802300 INACCURACY
813500:814500 LIE
834000:835000 INACCURACY
838067:839067 LIE
857067:858067 INACCURACY
866500:867500 TRUTH
874600:875600 INACCURACY
878667:879667 TRUTH
903233:904233 SUBJECT IS NOT SURE
907300:908300 TRUTH
915433:916433 TRUTH
923533:924533 TRUTH
927600:928600 SUBJECT IS NOT SURE
931667:932667 LIE
935733:936733 INACCURACY
941133:942133 AVOIDANCE
957367:958367 SUBJECT EMPHATIC
973633:974633 SUBJECT IS NOT SURE
981733:982733 INACCURACY
994133:995133 LIE
998200:999200 TRUTH
1002233:1003233 LIE
1006300:1007300 TRUTH
1026600:1027600 SUBJECT EMPHATIC
1043067:1044067 INACCURACY
1047133:1048133 TRUTH
1055267:1056267 INACCURACY
1059300:1060300 LIE
1063367:1064367 TRUTH
1067433:1068433 LIE
1075567:1076567 INACCURACY
1083667:1084667 TRUTH
1092000:1093000 LIE
1115067:1116067 SUBJECT ATTEMPTING OUTSMART
1133100:1134100 TRUTH
1137167:1138167 LIE
1141200:1142200 TRUTH
1149333:1150333 TRUTH
1155400:1156400 LIE
1158300:1159300 TRUTH
1166433:1167433 LIE
1170167:1171167 TRUTH
1198500:1199500 TRUTH
1234000:1235000 SUBJECT EMPHATIC
1247067:1248067 LIE
1258267:1259267 INACCURACY
1258733:1259733 TRUTH
1263000:1264000 LIE
1267067:1268067 INACCURACY
1275167:1276167 LIE
1279233:1280233 INACCURACY
1283300:1284300 TRUTH
1290600:1291600 LIE
1305400:1306400 TRUTH
1314067:1315067 TRUTH
1318133:1319133 LIE
1326267:1327267 TRUTH
1330333:1331333 LIE
1346567:1347567 INACCURACY
1350633:1351633 TRUTH
1358733:1359733 INACCURACY
1359600:1360600 LIE
1359700:1360700 TRUTH
1363767:1364767 INACCURACY
1368033:1369033 LIE
1385300:1386300 SUBJECT ATTEMPTING OUTSMART
1389367:1390367 SUBJECT MANIPULATING VOICE
1397500:1398500 SUBJECT ATTEMPTING OUTSMART
1405600:1406600 SUBJECT MANIPULATING VOICE
1409667:1410667 SUBJECT ATTEMPTING OUTSMART
1412300:1413300 LIE
1414300:1415300 SUBJECT MANIPULATING VOICE
1429767:1430767 SUBJECT ATTEMPTING OUTSMART
1435467:1436467 * END OF FILE *
132 rows
FFT started (please wait) ...
513 bands
FFT done.
/var/www/app/songwork-app/data/in.wav
13931
0 : 0 --> 13931
33 : 0 --> 13931
66 : 192 --> 13931
100 : 192 --> 13931
133 : 192 --> 13931
166 : 192 --> 13931
200 : 192 --> 13931
233 : 576 --> 13931
266 : 576 --> 13931
300 : 576 --> 13931
333 : 576 --> 13931
366 : 576 --> 13931
400 : 576 --> 13931
433 : 576 --> 13931
466 : 576 --> 13931
500 : 576 --> 13931
533 : 576 --> 13931
566 : 576 --> 13931
600 : 576 --> 13931
633 : 1408 --> 13931
666 : 1408 --> 13931
700 : 1408 --> 13931
733 : 1408 --> 13931
766 : 1408 --> 13931
800 : 1408 --> 13931
833 : 1408 --> 13931
866 : 1408 --> 13931
900 : 1408 --> 13931
933 : 1408 --> 13931
966 : 1408 --> 13931
1000 : 1408 --> 13931
1033 : 1408 --> 13931
1066 : 1408 --> 13931
1100 : 1408 --> 13931
1133 : 1408 --> 13931
1166 : 1408 --> 13931
1200 : 1408 --> 13931
1233 : 1408 --> 13931
1266 : 1408 --> 13931
1300 : 1408 --> 13931
1333 : 1408 --> 13931
1366 : 1408 --> 13931
1400 : 1408 --> 13931
1433 : 1408 --> 13931
1466 : 3072 --> 13931
1500 : 3072 --> 13931
1533 : 3072 --> 13931
1566 : 3072 --> 13931
1600 : 3072 --> 13931
1633 : 3072 --> 13931
1666 : 3072 --> 13931
1700 : 3072 --> 13931
1733 : 3072 --> 13931
1766 : 3072 --> 13931
1800 : 3072 --> 13931
1833 : 3072 --> 13931
1866 : 3072 --> 13931
1900 : 3072 --> 13931
1933 : 3072 --> 13931
1966 : 3072 --> 13931
2000 : 3072 --> 13931
2033 : 3072 --> 13931
2066 : 3072 --> 13931
2100 : 3072 --> 13931
2133 : 3072 --> 13931
2166 : 3072 --> 13931
2200 : 3072 --> 13931
2233 : 3072 --> 13931
2266 : 3072 --> 13931
2300 : 3072 --> 13931
2333 : 3072 --> 13931
2366 : 3072 --> 13931
2400 : 3072 --> 13931
2433 : 3072 --> 13931
2466 : 3072 --> 13931
2500 : 3072 --> 13931
2533 : 3072 --> 13931
2566 : 3072 --> 13931
2600 : 3072 --> 13931
2633 : 3072 --> 13931
2666 : 3072 --> 13931
2700 : 3072 --> 13931
2733 : 3072 --> 13931
2766 : 3072 --> 13931
2800 : 3072 --> 13931
2833 : 3072 --> 13931
2866 : 3072 --> 13931
2900 : 3072 --> 13931
2933 : 3072 --> 13931
2966 : 3072 --> 13931
3000 : 3072 --> 13931
3033 : 3072 --> 13931
3066 : 3072 --> 13931
3100 : 3072 --> 13931
3133 : 6336 --> 13931
3166 : 6336 --> 13931
3200 : 6336 --> 13931
3233 : 6336 --> 13931
3266 : 6336 --> 13931
3300 : 6336 --> 13931
3333 : 6336 --> 13931
3366 : 6336 --> 13931
3400 : 6336 --> 13931
3433 : 6336 --> 13931
3466 : 6336 --> 13931
3500 : 6336 --> 13931
3533 : 6336 --> 13931
3566 : 6336 --> 13931
3600 : 6336 --> 13931
3633 : 6336 --> 13931
3666 : 6336 --> 13931
3700 : 6336 --> 13931
3733 : 6336 --> 13931
3766 : 6336 --> 13931
3800 : 6336 --> 13931
3833 : 6336 --> 13931
3866 : 6336 --> 13931
3900 : 6336 --> 13931
3933 : 6336 --> 13931
3966 : 6336 --> 13931
4000 : 6336 --> 13931
4033 : 6336 --> 13931
4066 : 6336 --> 13931
4100 : 6336 --> 13931
4133 : 6336 --> 13931
4166 : 6336 --> 13931
4200 : 6336 --> 13931
4233 : 6336 --> 13931
4266 : 6336 --> 13931
4300 : 6336 --> 13931
4333 : 6336 --> 13931
4366 : 6336 --> 13931
4400 : 6336 --> 13931
4433 : 6336 --> 13931
4466 : 6336 --> 13931
4500 : 6336 --> 13931
4533 : 6336 --> 13931
4566 : 6336 --> 13931
4600 : 6336 --> 13931
4633 : 6336 --> 13931
4666 : 6336 --> 13931
4700 : 6336 --> 13931
4733 : 6336 --> 13931
4766 : 6336 --> 13931
4800 : 6336 --> 13931
4833 : 6336 --> 13931
4866 : 6336 --> 13931
4900 : 6336 --> 13931
4933 : 6336 --> 13931
4966 : 6336 --> 13931
5000 : 6336 --> 13931
5033 : 6336 --> 13931
5066 : 6336 --> 13931
5100 : 6336 --> 13931
5133 : 6336 --> 13931
5166 : 6336 --> 13931
5200 : 6336 --> 13931
5233 : 6336 --> 13931
5266 : 6336 --> 13931
5300 : 6336 --> 13931
5333 : 6336 --> 13931
5366 : 6336 --> 13931
5400 : 6336 --> 13931
5433 : 6336 --> 13931
5466 : 6336 --> 13931
5500 : 6336 --> 13931
5533 : 6336 --> 13931
5566 : 6336 --> 13931
5600 : 6336 --> 13931
5633 : 6336 --> 13931
5666 : 6336 --> 13931
5700 : 6336 --> 13931
5733 : 6336 --> 13931
5766 : 6336 --> 13931
5800 : 6336 --> 13931
5833 : 6336 --> 13931
5866 : 6336 --> 13931
5900 : 6336 --> 13931
5933 : 6336 --> 13931
5966 : 6336 --> 13931
6000 : 6336 --> 13931
6033 : 6336 --> 13931
6066 : 6336 --> 13931
6100 : 6336 --> 13931
6133 : 6336 --> 13931
6166 : 6336 --> 13931
6200 : 6336 --> 13931
6233 : 6336 --> 13931
6266 : 6336 --> 13931
6300 : 6336 --> 13931
6333 : 6336 --> 13931
6366 : 6336 --> 13931
6400 : 12672 --> 13931
6433 : 12672 --> 13931
6466 : 12672 --> 13931
6500 : 12672 --> 13931
6533 : 12672 --> 13931
6566 : 12672 --> 13931
6600 : 12672 --> 13931
6633 : 12672 --> 13931
6666 : 12672 --> 13931
6700 : 12672 --> 13931
6733 : 12672 --> 13931
6766 : 12672 --> 13931
6800 : 12672 --> 13931
6833 : 12672 --> 13931
6866 : 12672 --> 13931
End of audio, stopping video export.
/var/www/app/songwork-app/_make/../spectrogram/out/in-spectrogram.mp4 saved.
java.lang.NullPointerException
	at com.hamoid.VideoExport.saveFrame(Unknown Source)
	at spectrogram.draw(spectrogram.java:195)
	at processing.core.PApplet.handleDraw(PApplet.java:2475)
	at processing.awt.PSurfaceAWT$12.callDraw(PSurfaceAWT.java:1547)
	at processing.core.PSurfaceNone$AnimationThread.run(PSurfaceNone.java:313)

VideoExport error: Ffmpeg failed. Study /var/www/app/songwork-app/_make/../spectrogram/ffmpeg.txt for more details.

Finished.
Could not run the sketch (Target VM failed to initialize).
For more information, read revisions.txt and Help ? Troubleshooting.
Could not run the sketch.
ffmpeg version 3.4.8-0ubuntu0.2 Copyright (c) 2000-2020 the FFmpeg developers
  built with gcc 7 (Ubuntu 7.5.0-3ubuntu1~18.04)
  configuration: --prefix=/usr --extra-version=0ubuntu0.2 --toolchain=hardened --libdir=/usr/lib/x86_64-linux-gnu --incdir=/usr/include/x86_64-linux-gnu --enable-gpl --disable-stripping --enable-avresample --enable-avisynth --enable-gnutls --enable-ladspa --enable-libass --enable-libbluray --enable-libbs2b --enable-libcaca --enable-libcdio --enable-libflite --enable-libfontconfig --enable-libfreetype --enable-libfribidi --enable-libgme --enable-libgsm --enable-libmp3lame --enable-libmysofa --enable-libopenjpeg --enable-libopenmpt --enable-libopus --enable-libpulse --enable-librubberband --enable-librsvg --enable-libshine --enable-libsnappy --enable-libsoxr --enable-libspeex --enable-libssh --enable-libtheora --enable-libtwolame --enable-libvorbis --enable-libvpx --enable-libwavpack --enable-libwebp --enable-libx265 --enable-libxml2 --enable-libxvid --enable-libzmq --enable-libzvbi --enable-omx --enable-openal --enable-opengl --enable-sdl2 --enable-libdc1394 --enable-libdrm --enable-libiec61883 --enable-chromaprint --enable-frei0r --enable-libopencv --enable-libx264 --enable-shared
  libavutil      55. 78.100 / 55. 78.100
  libavcodec     57.107.100 / 57.107.100
  libavformat    57. 83.100 / 57. 83.100
  libavdevice    57. 10.100 / 57. 10.100
  libavfilter     6.107.100 /  6.107.100
  libavresample   3.  7.  0 /  3.  7.  0
  libswscale      4.  8.100 /  4.  8.100
  libswresample   2.  9.100 /  2.  9.100
  libpostproc    54.  7.100 / 54.  7.100
/var/www/app/songwork-app/_make/../spectrogram/out/in-spectrogram.mp4: No such file or directory
ffmpeg version 3.4.8-0ubuntu0.2 Copyright (c) 2000-2020 the FFmpeg developers
  built with gcc 7 (Ubuntu 7.5.0-3ubuntu1~18.04)
  configuration: --prefix=/usr --extra-version=0ubuntu0.2 --toolchain=hardened --libdir=/usr/lib/x86_64-linux-gnu --incdir=/usr/include/x86_64-linux-gnu --enable-gpl --disable-stripping --enable-avresample --enable-avisynth --enable-gnutls --enable-ladspa --enable-libass --enable-libbluray --enable-libbs2b --enable-libcaca --enable-libcdio --enable-libflite --enable-libfontconfig --enable-libfreetype --enable-libfribidi --enable-libgme --enable-libgsm --enable-libmp3lame --enable-libmysofa --enable-libopenjpeg --enable-libopenmpt --enable-libopus --enable-libpulse --enable-librubberband --enable-librsvg --enable-libshine --enable-libsnappy --enable-libsoxr --enable-libspeex --enable-libssh --enable-libtheora --enable-libtwolame --enable-libvorbis --enable-libvpx --enable-libwavpack --enable-libwebp --enable-libx265 --enable-libxml2 --enable-libxvid --enable-libzmq --enable-libzvbi --enable-omx --enable-openal --enable-opengl --enable-sdl2 --enable-libdc1394 --enable-libdrm --enable-libiec61883 --enable-chromaprint --enable-frei0r --enable-libopencv --enable-libx264 --enable-shared
  libavutil      55. 78.100 / 55. 78.100
  libavcodec     57.107.100 / 57.107.100
  libavformat    57. 83.100 / 57. 83.100
  libavdevice    57. 10.100 / 57. 10.100
  libavfilter     6.107.100 /  6.107.100
  libavresample   3.  7.  0 /  3.  7.  0
  libswscale      4.  8.100 /  4.  8.100
  libswresample   2.  9.100 /  2.  9.100
  libpostproc    54.  7.100 / 54.  7.100
/var/www/app/songwork-app/_make/../spectrogram/out/*.mp4: No such file or directory
mv: cannot stat '/var/www/app/songwork-app/_make/../spectrogram/out/*.mp4': No such file or directory
mv: cannot stat '*.wav': No such file or directory
rm: cannot remove '_*.wav': No such file or directory
rm: cannot remove '../spectrogram/out/in-spectrogram.mp4': No such file or directory
rm: cannot remove '__list.txt': No such file or directory
done.
